{
  "stats": {
    "suites": 1,
    "tests": 2,
    "passes": 2,
    "pending": 0,
    "failures": 0,
    "start": "2026-02-17T10:17:06.470Z",
    "end": "2026-02-17T10:17:14.520Z",
    "duration": 8050,
    "testsRegistered": 2,
    "passPercent": 100,
    "pendingPercent": 0,
    "other": 0,
    "hasOther": false,
    "skipped": 0,
    "hasSkipped": false
  },
  "results": [
    {
      "uuid": "0a607471-8a44-4a9c-8a8e-8658378ba07f",
      "title": "",
      "fullFile": "cypress\\e2e\\login.cy.js",
      "file": "cypress\\e2e\\login.cy.js",
      "beforeHooks": [],
      "afterHooks": [],
      "tests": [],
      "suites": [
        {
          "uuid": "9033d019-6984-42b1-bc88-df5c07f3fc23",
          "title": "Login Validation",
          "fullFile": "",
          "file": "",
          "beforeHooks": [],
          "afterHooks": [],
          "tests": [
            {
              "title": "Should login successfully",
              "fullTitle": "Login Validation Should login successfully",
              "timedOut": null,
              "duration": 5463,
              "state": "passed",
              "speed": "medium",
              "pass": true,
              "fail": false,
              "pending": false,
              "context": null,
              "code": "_loginPage.default.login(userData.validUser.email, userData.validUser.password);\ncy.get(\".ico-logout\").should(\"be.visible\");",
              "err": {},
              "uuid": "442a3d9b-f9a0-4ee4-bcaf-47b4ee3f99af",
              "parentUUID": "9033d019-6984-42b1-bc88-df5c07f3fc23",
              "isHook": false,
              "skipped": false
            },
            {
              "title": "Should show error for invalid user",
              "fullTitle": "Login Validation Should show error for invalid user",
              "timedOut": null,
              "duration": 2424,
              "state": "passed",
              "speed": "fast",
              "pass": true,
              "fail": false,
              "pending": false,
              "context": null,
              "code": "_loginPage.default.login(userData.invalidUser.email, userData.invalidUser.password);\ncy.get(\".message-error\").should(\"contain\", \"Login was unsuccessful\");",
              "err": {},
              "uuid": "bd93e000-b6e1-4343-a594-4c4ef2d53751",
              "parentUUID": "9033d019-6984-42b1-bc88-df5c07f3fc23",
              "isHook": false,
              "skipped": false
            }
          ],
          "suites": [],
          "passes": [
            "442a3d9b-f9a0-4ee4-bcaf-47b4ee3f99af",
            "bd93e000-b6e1-4343-a594-4c4ef2d53751"
          ],
          "failures": [],
          "pending": [],
          "skipped": [],
          "duration": 7887,
          "root": false,
          "rootEmpty": false,
          "_timeout": 2000
        }
      ],
      "passes": [],
      "failures": [],
      "pending": [],
      "skipped": [],
      "duration": 0,
      "root": true,
      "rootEmpty": true,
      "_timeout": 2000
    }
  ],
  "meta": {
    "mocha": {
      "version": "7.2.0"
    },
    "mochawesome": {
      "options": {
        "quiet": false,
        "reportFilename": "mochawesome",
        "saveHtml": true,
        "saveJson": true,
        "consoleReporter": "spec",
        "useInlineDiffs": false,
        "code": true
      },
      "version": "7.1.4"
    },
    "marge": {
      "options": {
        "reportDir": "cypress/reports",
        "overwrite": false,
        "html": true,
        "json": true
      },
      "version": "6.3.2"
    }
  }
}