{
  "stats": {
    "suites": 1,
    "tests": 2,
    "passes": 2,
    "pending": 0,
    "failures": 0,
    "start": "2026-02-17T10:16:39.009Z",
    "end": "2026-02-17T10:17:01.762Z",
    "duration": 22753,
    "testsRegistered": 2,
    "passPercent": 100,
    "pendingPercent": 0,
    "other": 0,
    "hasOther": false,
    "skipped": 0,
    "hasSkipped": false
  },
  "results": [
    {
      "uuid": "1b8c6d57-6c68-4630-ac2f-49c10cea40ab",
      "title": "",
      "fullFile": "cypress\\e2e\\checkoutItem.cy.js",
      "file": "cypress\\e2e\\checkoutItem.cy.js",
      "beforeHooks": [],
      "afterHooks": [],
      "tests": [],
      "suites": [
        {
          "uuid": "1c72177f-d240-4326-bd0c-03db00f491fb",
          "title": "checkout item flow",
          "fullFile": "",
          "file": "",
          "beforeHooks": [],
          "afterHooks": [],
          "tests": [
            {
              "title": "Should search and add to cart successfully",
              "fullTitle": "checkout item flow Should search and add to cart successfully",
              "timedOut": null,
              "duration": 17510,
              "state": "passed",
              "speed": "slow",
              "pass": true,
              "fail": false,
              "pending": false,
              "context": null,
              "code": "_searchPage.default.completeSearchSuccessfully(\"computer\");\n_cartPage.default.completeCheckoutSuccessfully();",
              "err": {},
              "uuid": "4d5023e1-cbf2-47cf-ad69-3170c213f517",
              "parentUUID": "1c72177f-d240-4326-bd0c-03db00f491fb",
              "isHook": false,
              "skipped": false
            },
            {
              "title": "Should not checkout without accepting terms",
              "fullTitle": "checkout item flow Should not checkout without accepting terms",
              "timedOut": null,
              "duration": 5041,
              "state": "passed",
              "speed": "medium",
              "pass": true,
              "fail": false,
              "pending": false,
              "context": null,
              "code": "_searchPage.default.completeSearchSuccessfully(\"computer\");\n_cartPage.default.openCart();\n_cartPage.default.clickCheckout();\ncy.contains(\"Please accept the terms of service\").should(\"be.visible\");",
              "err": {},
              "uuid": "94764c10-54f1-4228-9d93-ad49a23149e5",
              "parentUUID": "1c72177f-d240-4326-bd0c-03db00f491fb",
              "isHook": false,
              "skipped": false
            }
          ],
          "suites": [],
          "passes": [
            "4d5023e1-cbf2-47cf-ad69-3170c213f517",
            "94764c10-54f1-4228-9d93-ad49a23149e5"
          ],
          "failures": [],
          "pending": [],
          "skipped": [],
          "duration": 22551,
          "root": false,
          "rootEmpty": false,
          "_timeout": 2000
        }
      ],
      "passes": [],
      "failures": [],
      "pending": [],
      "skipped": [],
      "duration": 0,
      "root": true,
      "rootEmpty": true,
      "_timeout": 2000
    }
  ],
  "meta": {
    "mocha": {
      "version": "7.2.0"
    },
    "mochawesome": {
      "options": {
        "quiet": false,
        "reportFilename": "mochawesome",
        "saveHtml": true,
        "saveJson": true,
        "consoleReporter": "spec",
        "useInlineDiffs": false,
        "code": true
      },
      "version": "7.1.4"
    },
    "marge": {
      "options": {
        "reportDir": "cypress/reports",
        "overwrite": false,
        "html": true,
        "json": true
      },
      "version": "6.3.2"
    }
  }
}